Added Component: Designator=J3(CONN_5POS_2.54MM - duplicate)
Added Component: Designator=J4(CONN_HDR_2.54x16 - PA)
Added Component: Designator=J5(CONN_HDR_2.54x16 - PB)
Added Pin To Net: NetName=VDD Pin=J3-1
Added Pin To Net: NetName=SWDIO Pin=J3-2
Added Pin To Net: NetName=SWCLK Pin=J3-3
Added Pin To Net: NetName=NJTRST Pin=J3-4
Added Pin To Net: NetName=GND Pin=J3-5
Added Pin To Net: NetName=NRST Pin=J3-6
Added Pin To Net: NetName=PA10 Pin=J4-1
Added Pin To Net: NetName=PA9 Pin=J4-2
Added Pin To Net: NetName=PA8 Pin=J4-3
Added Pin To Net: NetName=PA7 Pin=J4-4
Added Pin To Net: NetName=PA6 Pin=J4-5
Added Pin To Net: NetName=PA5 Pin=J4-6
Added Pin To Net: NetName=PA4 Pin=J4-7
Added Pin To Net: NetName=PA1 Pin=J4-8
Added Pin To Net: NetName=PB11 Pin=J5-1
Added Pin To Net: NetName=PB10 Pin=J5-2
Added Pin To Net: NetName=PB9 Pin=J5-3
Added Pin To Net: NetName=PB8 Pin=J5-4
Added Pin To Net: NetName=PB5 Pin=J5-5
Added Pin To Net: NetName=PB2 Pin=J5-6
Added Pin To Net: NetName=PB1 Pin=J5-7
Added Pin To Net: NetName=PB0 Pin=J5-8
Added Member To Class: ClassName=U_INTERFACE_EXT Member=Component J3 CONN_SWD
Added Member To Class: ClassName=U_INTERFACE_EXT Member=Component J4 CONN PORT_A_2.54x8
Added Member To Class: ClassName=U_INTERFACE_EXT Member=Component J5 CONN PORT_B_2.54x8
Added Room: Name=U_KH-TYPE-C-16P
Added Room: Name=U_LSM6DSOTR
Added Room: Name=U_ST1S40IDR
Added Room: Name=U_STM32L412CBU6
