Removed Pin From Net: NetName=PA1 Pin=J4-1
Removed Pin From Net: NetName=PA4 Pin=J4-2
Removed Pin From Net: NetName=PA5 Pin=J4-3
Removed Pin From Net: NetName=PA6 Pin=J4-4
Removed Pin From Net: NetName=PA7 Pin=J4-5
Removed Pin From Net: NetName=PA8 Pin=J4-6
Removed Pin From Net: NetName=PA9 Pin=J4-7
Removed Pin From Net: NetName=PA10 Pin=J4-8
Removed Pin From Net: NetName=PB11 Pin=J5-1
Removed Pin From Net: NetName=PB10 Pin=J5-2
Removed Pin From Net: NetName=PB9 Pin=J5-3
Removed Pin From Net: NetName=PB8 Pin=J5-4
Removed Pin From Net: NetName=PB5 Pin=J5-5
Removed Pin From Net: NetName=PB2 Pin=J5-6
Removed Pin From Net: NetName=PB0 Pin=J5-8
Change Footprint: Footprint Not Found CONN_HDR_2.54x16 - PA
Change Component Footprint: Designator=J5 Old Footprint=CONN_HDR_2.54X16 - PB New Footprint=CONN_HDR_2.54x10 - PB
Change Component Comment : Designator=J4 Old Comment=CONN PORT_A_2.54x8 New Comment=CONN PORTS_2.54x6
Change Component Comment : Designator=J5 Old Comment=CONN PORT_B_2.54x8 New Comment=CONN PORT_A_2.54x8
Added Pin To Net: NetName=PA8 Pin=J4-1
Added Pin To Net: NetName=PA9 Pin=J4-2
Added Pin To Net: NetName=PA10 Pin=J4-3
Added Pin To Net: NetName=PB5 Pin=J4-4
Added Pin To Net: NetName=PB8 Pin=J4-5
Added Pin To Net: NetName=PB9 Pin=J4-6
Added Pin To Net: NetName=PA1 Pin=J5-1
Added Pin To Net: NetName=PA4 Pin=J5-2
Added Pin To Net: NetName=PA5 Pin=J5-3
Added Pin To Net: NetName=PA6 Pin=J5-4
Added Pin To Net: NetName=PA7 Pin=J5-5
Added Pin To Net: NetName=PB0 Pin=J5-6
Added Pin To Net: NetName=PB2 Pin=J5-8
Added Pin To Net: NetName=PB10 Pin=J5-9
Added Pin To Net: NetName=PB11 Pin=J5-10
Added Member To Class: ClassName=U_INTERFACE_EXT Member=Component J4 CONN PORTS_2.54x6
Added Member To Class: ClassName=U_INTERFACE_EXT Member=Component J5 CONN PORT_A_2.54x8
Added Room: Name=U_CC1101RGPR
Added Room: Name=U_INTERFACE_EXT
Added Room: Name=U_KH-TYPE-C-16P
Added Room: Name=U_LSM6DSOTR
Added Room: Name=U_ST1S40IDR
Added Room: Name=U_STM32L412CBU6
