Added Component: Designator=U1(SO8-BW)
Add component (AddParameter): Name = "Case/Package"; Value = ""; VariantName = "[No Variations]"
Add component (AddParameter): Name = "Manufacturer"; Value = ""; VariantName = "[No Variations]"
Add component (AddParameter): Name = "Manufacturer Part Number"; Value = ""; VariantName = "[No Variations]"
Add component (AddParameter): Name = "Observação"; Value = ""; VariantName = "[No Variations]"
Add component (AddParameter): Name = "Origem"; Value = ""; VariantName = "[No Variations]"
Add component (AddParameter): Name = "Valor"; Value = ""; VariantName = "[No Variations]"
Add Pin To Net: Unknown Pin: Pin C2-1
Add Pin To Net: Unknown Pin: Pin C2-2
Add Pin To Net: Unknown Pin: Pin C5-1
Add Pin To Net: Unknown Pin: Pin C5-2
Add Pin To Net: Unknown Pin: Pin C22-1
Add Pin To Net: Unknown Pin: Pin C22-2
Add Pin To Net: Unknown Pin: Pin C23-1
Add Pin To Net: Unknown Pin: Pin C23-2
Add Pin To Net: Unknown Pin: Pin C24-1
Add Pin To Net: Unknown Pin: Pin C24-2
Add Pin To Net: Unknown Pin: Pin D1-1
Add Pin To Net: Unknown Pin: Pin D1-2
Add Pin To Net: Unknown Pin: Pin FB1-1
Add Pin To Net: Unknown Pin: Pin FB1-2
Add Pin To Net: Unknown Pin: Pin FB5-1
Add Pin To Net: Unknown Pin: Pin FB5-2
Add Pin To Net: Unknown Pin: Pin J1-1
Add Pin To Net: Unknown Pin: Pin J1-2
Add Pin To Net: Unknown Pin: Pin J1-3
Add Pin To Net: Unknown Pin: Pin J1-5
Add Pin To Net: Unknown Pin: Pin L1-1
Add Pin To Net: Unknown Pin: Pin L1-2
Add Pin To Net: Unknown Pin: Pin P1-3
Add Pin To Net: Unknown Pin: Pin P1-4
Add Pin To Net: Unknown Pin: Pin P1-5
Add Pin To Net: Unknown Pin: Pin R1-1
Add Pin To Net: Unknown Pin: Pin R1-2
Add Pin To Net: Unknown Pin: Pin R3-1
Add Pin To Net: Unknown Pin: Pin R3-2
Added Pin To Net: NetName=NetL1_1 Pin=U1-1
Added Pin To Net: NetName=FB Pin=U1-5
Added Pin To Net: NetName=GND Pin=U1-6
Added Pin To Net: NetName=GND Pin=U1-7
Added Pin To Net: NetName=vinA Pin=U1-8
Add Pin To Net: Unknown Pin: Pin U1-9
Add Pin To Net: Unknown Pin: Pin U1-10
Add Pin To Net: Unknown Pin: Pin U1-11
Add Pin To Net: Unknown Pin: Pin U3-1
Add Pin To Net: Unknown Pin: Pin U3-2
Add Pin To Net: Unknown Pin: Pin U3-3
Add Pin To Net: Unknown Pin: Pin U3-5
Add Pin To Net: Unknown Pin: Pin U3-6
Add Pin To Net: Unknown Pin: Pin U3-7
Add Pin To Net: Unknown Pin: Pin U3-8
Add Pin To Net: Unknown Pin: Pin U3-9
Add Pin To Net: Unknown Pin: Pin U3-12
Add Pin To Net: Unknown Pin: Pin U3-13
Add Pin To Net: Unknown Pin: Pin U3-14
Add Pin To Net: Unknown Pin: Pin U4-1
Add Pin To Net: Unknown Pin: Pin U4-2
Add Pin To Net: Unknown Pin: Pin U4-4
Add Pin To Net: Unknown Pin: Pin U4-5
Add Pin To Net: Unknown Pin: Pin U4-7
Add Pin To Net: Unknown Pin: Pin U4-8
Add Pin To Net: Unknown Pin: Pin U4-9
Add Pin To Net: Unknown Pin: Pin U4-10
Add Pin To Net: Unknown Pin: Pin U4-11
Add Pin To Net: Unknown Pin: Pin U4-12
Add Pin To Net: Unknown Pin: Pin U4-13
Add Pin To Net: Unknown Pin: Pin U4-14
Add Pin To Net: Unknown Pin: Pin U4-15
Add Pin To Net: Unknown Pin: Pin U4-16
Add Pin To Net: Unknown Pin: Pin U4-17
Add Pin To Net: Unknown Pin: Pin U4-18
Add Pin To Net: Unknown Pin: Pin U4-19
Add Pin To Net: Unknown Pin: Pin U4-20
Add Pin To Net: Unknown Pin: Pin Y1-1
Add Pin To Net: Unknown Pin: Pin Y1-2
Add Pin To Net: Unknown Pin: Pin Y1-3
Add Pin To Net: Unknown Pin: Pin Y1-4
Add Class Member: Failed to add class member : Component C2 CL21B105KAFNNNE
Add Class Member: Failed to add class member : Component C5 CL21A106KAYNNNE
Add Class Member: Failed to add class member : Component C22 _Capacitor
Add Class Member: Failed to add class member : Component C23 _Capacitor
Add Class Member: Failed to add class member : Component C24 _Capacitor
Add Class Member: Failed to add class member : Component D1 B320B-13-F
Add Class Member: Failed to add class member : Component FB1 _FERRITE
Add Class Member: Failed to add class member : Component FB5 _FERRITE
Add Class Member: Failed to add class member : Component J1 USB-111HF-B-CU
Add Class Member: Failed to add class member : Component L1 VLS5045EX-3R3N-H
Add Class Member: Failed to add class member : Component R1 _Resistor
Add Class Member: Failed to add class member : Component R3 AF0805JR-0710KL
Added Member To Class: ClassName=ST1S40IDR Member=Component U1 ST1S40IDR
Add Class Member: Failed to add class member : Component U3 LSM6DSOTR
Add Class Member: Failed to add class member : Component U4 CC1101RGPR
Add Class Member: Failed to add class member : Component Y1 ABS07-32.768KHZ-7-T
