Removed Pin From Net: NetName=OSC_OUT Pin=R12-2
Removed Member From Class: ClassName=U_STM32L412CBU6 Member=R12
Added Component: Designator=Y2(Crystal-4SMD)
Add component (AddParameter): Name = "Case/Package"; Value = ""; VariantName = "[No Variations]"
Add component (AddParameter): Name = "Manufacturer"; Value = "NDK America, Inc."; VariantName = "[No Variations]"
Add component (AddParameter): Name = "Manufacturer Part Number"; Value = "NX3225SA-26MHZ"; VariantName = "[No Variations]"
Add component (AddParameter): Name = "Observação"; Value = ""; VariantName = "[No Variations]"
Add component (AddParameter): Name = "Origem"; Value = ""; VariantName = "[No Variations]"
Add component (AddParameter): Name = "Valor"; Value = "26MHz 8pF"; VariantName = "[No Variations]"
Added Component: Designator=Y3(Crystal-4SMD)
Add component (AddParameter): Name = "Case/Package"; Value = ""; VariantName = "[No Variations]"
Add component (AddParameter): Name = "Manufacturer"; Value = "NDK America, Inc."; VariantName = "[No Variations]"
Add component (AddParameter): Name = "Manufacturer Part Number"; Value = "NX3225SA-26MHZ"; VariantName = "[No Variations]"
Add component (AddParameter): Name = "Observação"; Value = ""; VariantName = "[No Variations]"
Add component (AddParameter): Name = "Origem"; Value = ""; VariantName = "[No Variations]"
Add component (AddParameter): Name = "Valor"; Value = "26MHz 8pF"; VariantName = "[No Variations]"
Added Pin To Net: NetName=OSC_OUT Pin=C21-2
Added Pin To Net: NetName=OSC_IN Pin=Y2-1
Added Pin To Net: NetName=GND Pin=Y2-2
Added Pin To Net: NetName=OSC_OUT Pin=Y2-3
Added Pin To Net: NetName=GND Pin=Y2-4
Added Pin To Net: NetName=NetC36_2 Pin=Y3-1
Added Pin To Net: NetName=GND Pin=Y3-2
Added Pin To Net: NetName=NetC37_2 Pin=Y3-3
Added Pin To Net: NetName=GND Pin=Y3-4
Added Member To Class: ClassName=U_STM32L412CBU6 Member=Component Y2 NX3225SA-26MHZ
Added Member To Class: ClassName=U_CC1101RGPR Member=Component Y3 NX3225SA-26MHZ
Added Room: Name=U_CC1101RGPR
Added Room: Name=U_INTERFACE_EXT
Added Room: Name=U_KH-TYPE-C-16P
Added Room: Name=U_LSM6DSOTR
Added Room: Name=U_ST1S40IDR
Added Room: Name=U_STM32L412CBU6
