Removed Pin From Net: NetName=3V3 Pin=FB2-1
Removed Pin From Net: NetName=3V3 Pin=R5-1
Removed Pin From Net: NetName=+VDD_IMU Pin=R15-2
Removed Pin From Net: NetName=GND Pin=U3-2
Removed Pin From Net: NetName=GND Pin=U3-3
Removed Member From Class: ClassName=U_LSM6DSOTR Member=R15
Change Component Footprint: Designator=U3 Old Footprint=LGA-14L_2.5x3x0.86 New Footprint=IC_IIM-42351
Change Component Designator: OldDesignator=D? NewDesignator=D1
Change Component Designator: OldDesignator=R9 NewDesignator=R8
Change Component Designator: OldDesignator=R10 NewDesignator=R9
Change Component Designator: OldDesignator=R11 NewDesignator=R10
Change Component Designator: OldDesignator=R12 NewDesignator=R11
Change Component Designator: OldDesignator=R13 NewDesignator=R12
Change Component Designator: OldDesignator=R14 NewDesignator=R13
Change Component Designator: OldDesignator=R16 NewDesignator=R15
Change Component Designator: OldDesignator=R17 NewDesignator=R16
Change Component Designator: OldDesignator=R18 NewDesignator=R17
Change component parameters: Designator = "U3" ("U3"); Footprint = "LGA-14L_2.5x3x0.86"; UniqueID = "\IQNQPSJJ\FRVEFLIJ" ("\IQNQPSJJ\FRVEFLIJ")
Added Component: Designator=FB5(IND_0805)
Add component (AddParameter): Name = "Case/Package"; Value = "0805"; VariantName = "[No Variations]"
Add component (AddParameter): Name = "Manufacturer"; Value = "TDK Corporation"; VariantName = "[No Variations]"
Add component (AddParameter): Name = "Manufacturer Part Number"; Value = "MPZ2012S331AT000"; VariantName = "[No Variations]"
Add component (AddParameter): Name = "Observação"; Value = ""; VariantName = "[No Variations]"
Add component (AddParameter): Name = "Origem"; Value = ""; VariantName = "[No Variations]"
Add component (AddParameter): Name = "Valor"; Value = "330R @ 2.5A"; VariantName = "[No Variations]"
Added Component: Designator=R14(RES_0805)
Add component (AddParameter): Name = "Case/Package"; Value = "0805"; VariantName = "[No Variations]"
Add component (AddParameter): Name = "Manufacturer"; Value = "YAGEO"; VariantName = "[No Variations]"
Add component (AddParameter): Name = "Manufacturer Part Number"; Value = "RC0805JR-070RL"; VariantName = "[No Variations]"
Add component (AddParameter): Name = "Observação"; Value = ""; VariantName = "[No Variations]"
Add component (AddParameter): Name = "Origem"; Value = ""; VariantName = "[No Variations]"
Add component (AddParameter): Name = "Valor"; Value = "0R"; VariantName = "[No Variations]"
Added Component: Designator=Y1(Crystal_32k)
Add component (AddParameter): Name = "Case/Package"; Value = "2-SMD"; VariantName = "[No Variations]"
Add component (AddParameter): Name = "Manufacturer"; Value = "Abracon LLC"; VariantName = "[No Variations]"
Add component (AddParameter): Name = "Manufacturer Part Number"; Value = "ABS07-32.768KHZ-7-T"; VariantName = "[No Variations]"
Add component (AddParameter): Name = "Observação"; Value = ""; VariantName = "[No Variations]"
Add component (AddParameter): Name = "Origem"; Value = ""; VariantName = "[No Variations]"
Add component (AddParameter): Name = "Valor"; Value = "32.768 kHz"; VariantName = "[No Variations]"
Add Pin To Net: Unknown Pin: Pin D1-1
Add Pin To Net: Unknown Pin: Pin D1-2
Added Pin To Net: NetName=3V3 Pin=FB5-1
Added Pin To Net: NetName=+VDD_IMU Pin=FB5-2
Added Pin To Net: NetName=3V3 Pin=FB6-1
Add Pin To Net: Unknown Pin: Pin P1-3
Add Pin To Net: Unknown Pin: Pin P1-4
Add Pin To Net: Unknown Pin: Pin P1-5
Added Pin To Net: NetName=3V3 Pin=R14-1
Added Pin To Net: NetName=+VDD_IMU Pin=R14-2
Added Pin To Net: NetName=3V3 Pin=R15-1
Added Pin To Net: NetName=I2C_SDA Pin=U3-14
Added Pin To Net: NetName=OSC32_IN Pin=Y1-1
Added Pin To Net: NetName=OSC32_OUT Pin=Y1-2
Change Net Name : Old Net Name=NetR10_1 New Net Name=NetR9_1
Change Net Name : Old Net Name=NetR13_2 New Net Name=NetR12_2
Change Net Name : Old Net Name=NetR17_1 New Net Name=NetR16_1
Added Pin To Net: NetName=VOUT Pin=FB2-1
Added Pin To Net: NetName=VOUT Pin=R5-1
Added Net: Name=VOUT
Added Member To Class: ClassName=U_LSM6DSOTR Member=Component FB5 MPZ2012S331AT000
Added Member To Class: ClassName=U_LSM6DSOTR Member=Component R14 RC0805JR-070RL
Added Member To Class: ClassName=U_STM32L412CBU6 Member=Component Y1 ABS07-32.768KHZ-7-T
