Change Physical Footprint: Designator=C1 Old Footprint=CAP_0805 New Footprint=CAP_0805
Change Physical Footprint: Designator=C2 Old Footprint=CAP_0805 New Footprint=CAP_0805
Change Physical Footprint: Designator=C3 Old Footprint=CAP_0805 New Footprint=CAP_0805
Change Physical Footprint: Designator=C4 Old Footprint=0805 New Footprint=0805
Change Physical Footprint: Designator=C5 Old Footprint=CAP_0805 New Footprint=CAP_0805
Change Physical Footprint: Designator=C6 Old Footprint=0805 New Footprint=0805
Change Physical Footprint: Designator=C7 Old Footprint=0805 New Footprint=0805
Change Physical Footprint: Designator=C8 Old Footprint=CAP_0805 New Footprint=CAP_0805
Change Physical Footprint: Designator=C9 Old Footprint=CAP_0805 New Footprint=CAP_0805
Change Physical Footprint: Designator=C10 Old Footprint=CAP_0805 New Footprint=CAP_0805
Change Physical Footprint: Designator=C11 Old Footprint=CAP_0805 New Footprint=CAP_0805
Change Physical Footprint: Designator=C12 Old Footprint=CAP_0805 New Footprint=CAP_0805
Change Physical Footprint: Designator=C13 Old Footprint=CAP_0805 New Footprint=CAP_0805
Change Physical Footprint: Designator=C14 Old Footprint=CAP_0805 New Footprint=CAP_0805
Change Physical Footprint: Designator=C15 Old Footprint=CAP_0805 New Footprint=CAP_0805
Change Physical Footprint: Designator=C16 Old Footprint=CAP_0805 New Footprint=CAP_0805
Change Physical Footprint: Designator=C17 Old Footprint=CAP_0805 New Footprint=CAP_0805
Change Physical Footprint: Designator=C18 Old Footprint=CAP_0805 New Footprint=CAP_0805
Change Physical Footprint: Designator=C19 Old Footprint=CAP 0402 New Footprint=CAP 0402
Change Physical Footprint: Designator=C20 Old Footprint=CAP 0402 New Footprint=CAP 0402
Change Physical Footprint: Designator=C21 Old Footprint=CAP 0402 New Footprint=CAP 0402
Change Physical Footprint: Designator=C22 Old Footprint=CAP 0402 New Footprint=CAP 0402
Change Physical Footprint: Designator=C23 Old Footprint=CAP_0805 New Footprint=CAP_0805
Change Physical Footprint: Designator=C24 Old Footprint=CAP_0805 New Footprint=CAP_0805
Change Physical Footprint: Designator=C25 Old Footprint=CAP_0805 New Footprint=CAP_0805
Change Physical Footprint: Designator=C26 Old Footprint=CAP 0402 New Footprint=CAP 0402
Change Physical Footprint: Designator=C27 Old Footprint=CAP 0402 New Footprint=CAP 0402
Change Physical Footprint: Designator=C28 Old Footprint=CAP 0402 New Footprint=CAP 0402
Change Physical Footprint: Designator=C29 Old Footprint=CAP 0402 New Footprint=CAP 0402
Change Physical Footprint: Designator=C30 Old Footprint=CAP 0402 New Footprint=CAP 0402
Change Physical Footprint: Designator=C31 Old Footprint=CAP_0805 New Footprint=CAP_0805
Change Physical Footprint: Designator=C32 Old Footprint=CAP_0805 New Footprint=CAP_0805
Change Physical Footprint: Designator=C33 Old Footprint=CAP_0805 New Footprint=CAP_0805
Change Physical Footprint: Designator=C34 Old Footprint=CAP 0402 New Footprint=CAP 0402
Change Physical Footprint: Designator=C35 Old Footprint=CAP_0805 New Footprint=CAP_0805
Change Physical Footprint: Designator=C36 Old Footprint=CAP 0402 New Footprint=CAP 0402
Change Physical Footprint: Designator=C37 Old Footprint=CAP 0402 New Footprint=CAP 0402
Change Physical Footprint: Designator=FB1 Old Footprint=IND_0805 New Footprint=IND_0805
Change Physical Footprint: Designator=FB2 Old Footprint=IND_0805 New Footprint=IND_0805
Change Physical Footprint: Designator=FB3 Old Footprint=IND_0805 New Footprint=IND_0805
Change Physical Footprint: Designator=FB4 Old Footprint=IND_0805 New Footprint=IND_0805
Change Physical Footprint: Designator=FB5 Old Footprint=IND_0805 New Footprint=IND_0805
Change Physical Footprint: Designator=FB6 Old Footprint=IND_0805 New Footprint=IND_0805
Change Physical Footprint: Designator=J1 Old Footprint=CONN TERM BLOCK 2POS 5.08MM New Footprint=CONN TERM BLOCK 2POS 5.08MM
Change Physical Footprint: Designator=J2 Old Footprint=USB-111HF-B-CU New Footprint=USB-111HF-B-CU
Change Physical Footprint: Designator=J3 Old Footprint=CONN_5POS_2.54MM - duplicate New Footprint=CONN_5POS_2.54MM - duplicate
Change Physical Footprint: Designator=J4 Old Footprint=CONN_HDR_2.54x16 - PA New Footprint=CONN_HDR_2.54x16 - PA
Change Physical Footprint: Designator=J5 Old Footprint=CONN_HDR_2.54x16 - PB New Footprint=CONN_HDR_2.54x16 - PB
Change Physical Footprint: Designator=J6 Old Footprint=HDR_2.54x6 New Footprint=HDR_2.54x6
Change Physical Footprint: Designator=L1 Old Footprint=IND_6.1-4 New Footprint=IND_6.1-4
Change Physical Footprint: Designator=L2 Old Footprint=IND 0402 New Footprint=IND 0402
Change Physical Footprint: Designator=L3 Old Footprint=IND 0402 New Footprint=IND 0402
Change Physical Footprint: Designator=L4 Old Footprint=IND 0402 New Footprint=IND 0402
Change Physical Footprint: Designator=L5 Old Footprint=IND 0402 New Footprint=IND 0402
Change Physical Footprint: Designator=P1 Old Footprint=CONN PTH SMA JACK CONSMA002-L-G New Footprint=CONN PTH SMA JACK CONSMA002-L-G
Change Physical Footprint: Designator=R1 Old Footprint=RES_0805 New Footprint=RES_0805
Change Physical Footprint: Designator=R2 Old Footprint=RES_0805 New Footprint=RES_0805
Change Physical Footprint: Designator=R3 Old Footprint=RES_0805 New Footprint=RES_0805
Change Physical Footprint: Designator=R4 Old Footprint=RES_0805 New Footprint=RES_0805
Change Physical Footprint: Designator=R5 Old Footprint=RES_0805 New Footprint=RES_0805
Change Physical Footprint: Designator=R6 Old Footprint=RES_0805 New Footprint=RES_0805
Change Physical Footprint: Designator=R7 Old Footprint=RES_0805 New Footprint=RES_0805
Change Physical Footprint: Designator=R8 Old Footprint=RES_0805 New Footprint=RES_0805
Change Physical Footprint: Designator=R9 Old Footprint=RES_0805 New Footprint=RES_0805
Change Physical Footprint: Designator=R10 Old Footprint=RES 0402 New Footprint=RES 0402
Change Physical Footprint: Designator=R11 Old Footprint=RES 0402 New Footprint=RES 0402
Change Physical Footprint: Designator=R12 Old Footprint=RES 0402 New Footprint=RES 0402
Change Physical Footprint: Designator=R13 Old Footprint=RES_0805 New Footprint=RES_0805
Change Physical Footprint: Designator=R14 Old Footprint=RES_0805 New Footprint=RES_0805
Change Physical Footprint: Designator=R15 Old Footprint=RES_0805 New Footprint=RES_0805
Change Physical Footprint: Designator=R16 Old Footprint=RES 0402 New Footprint=RES 0402
Change Physical Footprint: Designator=TP1 Old Footprint=TESTPOINT_1.5MM New Footprint=TESTPOINT_1.5MM
Change Physical Footprint: Designator=TP2 Old Footprint=TESTPOINT_1.5MM New Footprint=TESTPOINT_1.5MM
Change Physical Footprint: Designator=TP3 Old Footprint=TESTPOINT_1.5MM New Footprint=TESTPOINT_1.5MM
Change Physical Footprint: Designator=TP4 Old Footprint=TESTPOINT_1.5MM New Footprint=TESTPOINT_1.5MM
Change Physical Footprint: Designator=TP5 Old Footprint=TESTPOINT_1.5MM New Footprint=TESTPOINT_1.5MM
Change Physical Footprint: Designator=TP6 Old Footprint=TESTPOINT_1.5MM New Footprint=TESTPOINT_1.5MM
Change Physical Footprint: Designator=TP7 Old Footprint=TESTPOINT_1.5MM New Footprint=TESTPOINT_1.5MM
Change Physical Footprint: Designator=TP8 Old Footprint=TESTPOINT_1.5MM New Footprint=TESTPOINT_1.5MM
Change Physical Footprint: Designator=TP9 Old Footprint=TESTPOINT_1.5MM New Footprint=TESTPOINT_1.5MM
Change Physical Footprint: Designator=TP10 Old Footprint=TESTPOINT_1.5MM New Footprint=TESTPOINT_1.5MM
Change Physical Footprint: Designator=TP11 Old Footprint=TESTPOINT_1.5MM New Footprint=TESTPOINT_1.5MM
Change Physical Footprint: Designator=TP12 Old Footprint=TESTPOINT_1.5MM New Footprint=TESTPOINT_1.5MM
Change Physical Footprint: Designator=TP13 Old Footprint=TESTPOINT_1.5MM New Footprint=TESTPOINT_1.5MM
Change Physical Footprint: Designator=TP14 Old Footprint=TESTPOINT_1.5MM New Footprint=TESTPOINT_1.5MM
Change Physical Footprint: Designator=TP15 Old Footprint=TESTPOINT_1.5MM New Footprint=TESTPOINT_1.5MM
Change Physical Footprint: Designator=TP16 Old Footprint=TESTPOINT_1.5MM New Footprint=TESTPOINT_1.5MM
Change Physical Footprint: Designator=TP17 Old Footprint=TESTPOINT_1.5MM New Footprint=TESTPOINT_1.5MM
Change Physical Footprint: Designator=TP18 Old Footprint=TESTPOINT_1.5MM New Footprint=TESTPOINT_1.5MM
Change Physical Footprint: Designator=TP19 Old Footprint=TESTPOINT_1.5MM New Footprint=TESTPOINT_1.5MM
Change Physical Footprint: Designator=TP20 Old Footprint=TESTPOINT_1.5MM New Footprint=TESTPOINT_1.5MM
Change Physical Footprint: Designator=TP21 Old Footprint=TESTPOINT_1.5MM New Footprint=TESTPOINT_1.5MM
Change Physical Footprint: Designator=TP22 Old Footprint=TESTPOINT_1.5MM New Footprint=TESTPOINT_1.5MM
Change Physical Footprint: Designator=U1 Old Footprint=SO8-BW New Footprint=SO8-BW
Change Physical Footprint: Designator=U2 Old Footprint=QFN-48 New Footprint=QFN-48
Change Physical Footprint: Designator=U3 Old Footprint=IC_IIM-42351 New Footprint=IC_IIM-42351
Change Physical Footprint: Designator=U4 Old Footprint=QLP-4x4 New Footprint=QLP-4x4
Change Physical Footprint: Designator=Y1 Old Footprint=Crystal_32k New Footprint=Crystal_32k
Change Physical Footprint: Designator=Y2 Old Footprint=Crystal-4SMD New Footprint=Crystal-4SMD
Change Physical Footprint: Designator=Y3 Old Footprint=Crystal-4SMD New Footprint=Crystal-4SMD
