Added Member To Class: ClassName=U_ST1S40IDR Member=Component C1 CL21A226MPQNNNE
Added Member To Class: ClassName=U_ST1S40IDR Member=Component C2 CL21B105KAFNNNE
Added Member To Class: ClassName=U_ST1S40IDR Member=Component C3 CL21B225KAFNNNE
Added Member To Class: ClassName=U_ST1S40IDR Member=Component C4 CC0805KRX7R6BB224
Added Member To Class: ClassName=U_ST1S40IDR Member=Component C5 CL21A106KAYNNNE
Added Member To Class: ClassName=U_KH-TYPE-C-16P Member=Component C6 CC0805JRNPO9BN101
Added Member To Class: ClassName=U_KH-TYPE-C-16P Member=Component C7 CC0805JRNPO9BN101
Added Member To Class: ClassName=U_KH-TYPE-C-16P Member=Component C8 CC0805JRNPO9BN101
Added Member To Class: ClassName=U_STM32L412CBU6 Member=Component C9 CC0805JRNPO9BN101
Added Member To Class: ClassName=U_STM32L412CBU6 Member=Component C10 CC0805JRNPO9BN101
Added Member To Class: ClassName=U_STM32L412CBU6 Member=Component C11 CC0805JRNPO9BN101
Added Member To Class: ClassName=U_STM32L412CBU6 Member=Component C12 CC0805JRNPO9BN101
Added Member To Class: ClassName=U_STM32L412CBU6 Member=Component C13 CC0805JRNPO9BN101
Added Member To Class: ClassName=U_STM32L412CBU6 Member=Component C14 CC0805JRNPO9BN101
Added Member To Class: ClassName=U_STM32L412CBU6 Member=Component C15 CL05B104KO5NNNC
Added Member To Class: ClassName=U_STM32L412CBU6 Member=Component C16 CC0805JRNPO9BN101
Added Member To Class: ClassName=U_STM32L412CBU6 Member=Component C17 CC0805JRNPO9BN101
Added Member To Class: ClassName=U_STM32L412CBU6 Member=Component C18 GRM1555C1H100FA01D
Added Member To Class: ClassName=U_STM32L412CBU6 Member=Component C19 GRM1555C1H100FA01D
Added Member To Class: ClassName=U_STM32L412CBU6 Member=Component C20 GRM1555C1H100FA01D
Added Member To Class: ClassName=U_STM32L412CBU6 Member=Component C21 GRM1555C1H100FA01D
Added Member To Class: ClassName=U_LSM6DSOTR Member=Component C22 CC0805JRNPO9BN101
Added Member To Class: ClassName=U_LSM6DSOTR Member=Component C23 CC0805JRNPO9BN101
Added Member To Class: ClassName=U_LSM6DSOTR Member=Component C24 CC0805JRNPO9BN101
Added Member To Class: ClassName=U_CC1101RGPR Member=Component C25 GJM1555C1H3R9WB01D
Added Member To Class: ClassName=U_CC1101RGPR Member=Component C26 GRM155R71H221JA01D
Added Member To Class: ClassName=U_CC1101RGPR Member=Component C27 GJM1555C1H3R9WB01D
Added Member To Class: ClassName=U_CC1101RGPR Member=Component C28 GCM1555C1H8R2CA16D
Added Member To Class: ClassName=U_CC1101RGPR Member=Component C29 GRM1555C1H5R6CA01D
Added Member To Class: ClassName=U_CC1101RGPR Member=Component C30 CC0805JRNPO9BN101
Added Member To Class: ClassName=U_CC1101RGPR Member=Component C31 CC0805JRNPO9BN101
Added Member To Class: ClassName=U_CC1101RGPR Member=Component C32 CC0805JRNPO9BN101
Added Member To Class: ClassName=U_CC1101RGPR Member=Component C33 GRM155R71H221JA01D
Added Member To Class: ClassName=U_CC1101RGPR Member=Component C34 CL05B104KO5NNNC
Added Member To Class: ClassName=U_CC1101RGPR Member=Component C35 GCM1555C1H270JA16D
Added Member To Class: ClassName=U_CC1101RGPR Member=Component C36 GCM1555C1H270JA16D
Added Member To Class: ClassName=U_KH-TYPE-C-16P Member=Component FB1 MPZ2012S331AT000
Added Member To Class: ClassName=U_STM32L412CBU6 Member=Component FB2 MPZ2012S331AT000
Added Member To Class: ClassName=U_STM32L412CBU6 Member=Component FB3 MPZ2012S331AT000
Added Member To Class: ClassName=U_STM32L412CBU6 Member=Component FB4 MPZ2012S331AT000
Added Member To Class: ClassName=U_LSM6DSOTR Member=Component FB5 MPZ2012S331AT000
Added Member To Class: ClassName=U_CC1101RGPR Member=Component FB6 MPZ2012S331AT000
Added Member To Class: ClassName=U_KH-TYPE-C-16P Member=Component J1 USB-111HF-B-CU
Added Member To Class: ClassName=U_STM32L412CBU6 Member=Component J2 CONN_SWD
Added Member To Class: ClassName=U_ST1S40IDR Member=Component L1 VLS5045EX-3R3N-H
Added Member To Class: ClassName=U_CC1101RGPR Member=Component L2 LQG15HS27NH02D
Added Member To Class: ClassName=U_CC1101RGPR Member=Component L3 LQG15HN22NH02D
Added Member To Class: ClassName=U_CC1101RGPR Member=Component L4 LQG15HS27NH02D
Added Member To Class: ClassName=U_CC1101RGPR Member=Component L5 LQG15HS27NH02D
Added Member To Class: ClassName=U_CC1101RGPR Member=Component P1 CONN SMA 50 OHM 5POS
Added Member To Class: ClassName=U_ST1S40IDR Member=Component R1 CRCW080562K0JNEA
Added Member To Class: ClassName=U_ST1S40IDR Member=Component R2 AF0805JR-0710KL
Added Member To Class: ClassName=U_ST1S40IDR Member=Component R3 RT0805BRD0719K6L
Added Member To Class: ClassName=U_STM32L412CBU6 Member=Component R4 RC0805JR-070RL
Added Member To Class: ClassName=U_STM32L412CBU6 Member=Component R5 RC0805JR-070RL
Added Member To Class: ClassName=U_STM32L412CBU6 Member=Component R6 RC0805JR-070RL
Added Member To Class: ClassName=U_STM32L412CBU6 Member=Component R7 AF0805JR-0710KL
Added Member To Class: ClassName=U_STM32L412CBU6 Member=Component R8 AF0805JR-0710KL
Added Member To Class: ClassName=U_STM32L412CBU6 Member=Component R9 CRCW08051M00JNEA
Added Member To Class: ClassName=U_STM32L412CBU6 Member=Component R10 CRCW08051M00JNEA
Added Member To Class: ClassName=U_STM32L412CBU6 Member=Component R11 AF0805JR-0710KL
Added Member To Class: ClassName=U_STM32L412CBU6 Member=Component R12 CRCW08051M00JNEA
Added Member To Class: ClassName=U_LSM6DSOTR Member=Component R13 RC0805JR-070RL
Added Member To Class: ClassName=U_CC1101RGPR Member=Component R14 RC0805JR-070RL
Added Member To Class: ClassName=U_CC1101RGPR Member=Component R15 **CRCW080562K0JNEA
Added Member To Class: ClassName=U_CC1101RGPR Member=Component R16 CRCW08051M00JNEA
Added Member To Class: ClassName=U_ST1S40IDR Member=Component U1 ST1S40IDR
Added Member To Class: ClassName=U_STM32L412CBU6 Member=Component U2 STM32L412CBU6
Added Member To Class: ClassName=U_LSM6DSOTR Member=Component U3 LSM6DSOTR
Added Member To Class: ClassName=U_CC1101RGPR Member=Component U4 CC1101RGPR
Added Member To Class: ClassName=U_STM32L412CBU6 Member=Component Y1 ABS07-32.768KHZ-7-T
Added Member To Class: ClassName=U_STM32L412CBU6 Member=Component Y2 NX3225SA-26MHZ
Added Member To Class: ClassName=U_CC1101RGPR Member=Component Y3 NX3225SA-26MHZ
