Added Component: Designator=U2(QFN-48)
Added Pin To Net: NetName=VDD Pin=U2-1
Added Pin To Net: NetName=OSC32_IN Pin=U2-3
Added Pin To Net: NetName=OSC32_OUT Pin=U2-4
Added Pin To Net: NetName=OSC_IN Pin=U2-5
Added Pin To Net: NetName=OSC_OUT Pin=U2-6
Added Pin To Net: NetName=NRST Pin=U2-7
Added Pin To Net: NetName=GND Pin=U2-8
Added Pin To Net: NetName=VDDA Pin=U2-9
Added Pin To Net: NetName=PA1 Pin=U2-11
Added Pin To Net: NetName=UART_TX Pin=U2-12
Added Pin To Net: NetName=UART_RX Pin=U2-13
Added Pin To Net: NetName=PA4 Pin=U2-14
Added Pin To Net: NetName=PA5 Pin=U2-15
Added Pin To Net: NetName=PA6 Pin=U2-16
Added Pin To Net: NetName=PA7 Pin=U2-17
Added Pin To Net: NetName=PB0 Pin=U2-18
Added Pin To Net: NetName=PB1 Pin=U2-19
Added Pin To Net: NetName=PB2 Pin=U2-20
Added Pin To Net: NetName=PB10 Pin=U2-21
Added Pin To Net: NetName=PB11 Pin=U2-22
Added Pin To Net: NetName=GND Pin=U2-23
Added Pin To Net: NetName=VDD Pin=U2-24
Added Pin To Net: NetName=SPI2_nSS Pin=U2-25
Added Pin To Net: NetName=SPI2_SCK Pin=U2-26
Added Pin To Net: NetName=SPI2_MISO Pin=U2-27
Added Pin To Net: NetName=SPI2_MOSI Pin=U2-28
Added Pin To Net: NetName=PA8 Pin=U2-29
Added Pin To Net: NetName=PA9 Pin=U2-30
Added Pin To Net: NetName=PA10 Pin=U2-31
Added Pin To Net: NetName=USB_D_N Pin=U2-32
Added Pin To Net: NetName=USB_D_P Pin=U2-33
Added Pin To Net: NetName=SWDIO Pin=U2-34
Added Pin To Net: NetName=GND Pin=U2-35
Added Pin To Net: NetName=VDDUSB Pin=U2-36
Added Pin To Net: NetName=SWCLK Pin=U2-37
Added Pin To Net: NetName=NJTRST Pin=U2-40
Added Pin To Net: NetName=PB5 Pin=U2-41
Added Pin To Net: NetName=I2C_SCL Pin=U2-42
Added Pin To Net: NetName=I2C_SDA Pin=U2-43
Added Pin To Net: NetName=NetR9_2 Pin=U2-44
Added Pin To Net: NetName=PB8 Pin=U2-45
Added Pin To Net: NetName=PB9 Pin=U2-46
Added Pin To Net: NetName=GND Pin=U2-47
Added Pin To Net: NetName=GND Pin=U2-47
Added Pin To Net: NetName=VDD Pin=U2-48
Added Member To Class: ClassName=U_STM32L412CBU6 Member=Component U2 STM32L412CBU6
