Added Component: Designator=C22(CAP_0805)
Add component (AddParameter): Name = "Case/Package"; Value = "0805"; VariantName = "[No Variations]"
Add component (AddParameter): Name = "Manufacturer"; Value = "YAGEO"; VariantName = "[No Variations]"
Add component (AddParameter): Name = "Manufacturer Part Number"; Value = "CC0805JRNPO9BN101"; VariantName = "[No Variations]"
Add component (AddParameter): Name = "Observação"; Value = ""; VariantName = "[No Variations]"
Add component (AddParameter): Name = "Origem"; Value = "OBDH_Ed02"; VariantName = "[No Variations]"
Add component (AddParameter): Name = "Valor"; Value = "100pF 50V"; VariantName = "[No Variations]"
Added Component: Designator=C23(CAP_0805)
Add component (AddParameter): Name = "Case/Package"; Value = "0805"; VariantName = "[No Variations]"
Add component (AddParameter): Name = "Manufacturer"; Value = "YAGEO"; VariantName = "[No Variations]"
Add component (AddParameter): Name = "Manufacturer Part Number"; Value = "CC0805JRNPO9BN101"; VariantName = "[No Variations]"
Add component (AddParameter): Name = "Observação"; Value = ""; VariantName = "[No Variations]"
Add component (AddParameter): Name = "Origem"; Value = "OBDH_Ed02"; VariantName = "[No Variations]"
Add component (AddParameter): Name = "Valor"; Value = "100pF 50V"; VariantName = "[No Variations]"
Added Component: Designator=C24(CAP_0805)
Add component (AddParameter): Name = "Case/Package"; Value = "0805"; VariantName = "[No Variations]"
Add component (AddParameter): Name = "Manufacturer"; Value = "YAGEO"; VariantName = "[No Variations]"
Add component (AddParameter): Name = "Manufacturer Part Number"; Value = "CC0805JRNPO9BN101"; VariantName = "[No Variations]"
Add component (AddParameter): Name = "Observação"; Value = ""; VariantName = "[No Variations]"
Add component (AddParameter): Name = "Origem"; Value = "OBDH_Ed02"; VariantName = "[No Variations]"
Add component (AddParameter): Name = "Valor"; Value = "100pF 50V"; VariantName = "[No Variations]"
Added Pin To Net: NetName=GND Pin=C22-1
Added Pin To Net: NetName=+VDD_IMU Pin=C22-2
Added Pin To Net: NetName=GND Pin=C23-1
Added Pin To Net: NetName=+VDD_IMU Pin=C23-2
Added Pin To Net: NetName=GND Pin=C24-1
Added Pin To Net: NetName=+VDD_IMU Pin=C24-2
Add Pin To Net: Unknown Pin: Pin D1-1
Add Pin To Net: Unknown Pin: Pin D1-2
Add Pin To Net: Unknown Pin: Pin FB5-2
Add Pin To Net: Unknown Pin: Pin P1-3
Add Pin To Net: Unknown Pin: Pin P1-4
Add Pin To Net: Unknown Pin: Pin P1-5
Add Pin To Net: Unknown Pin: Pin Y1-1
Add Pin To Net: Unknown Pin: Pin Y1-2
Add Pin To Net: Unknown Pin: Pin Y1-3
Add Pin To Net: Unknown Pin: Pin Y1-4
Add Net: Net with name "3V3" already exists
Add Net: Net with name "3V3" already exists
Add Net: Net with name "I2C_SDA" already exists
Added Member To Class: ClassName=U_LSM6DSOTR Member=Component C22 CC0805JRNPO9BN101
Added Member To Class: ClassName=U_LSM6DSOTR Member=Component C23 CC0805JRNPO9BN101
Added Member To Class: ClassName=U_LSM6DSOTR Member=Component C24 CC0805JRNPO9BN101
Add Class Member: Failed to add class member : Component FB5 _FERRITE
Add Class Member: Failed to add class member : Component Y1 ABS07-32.768KHZ-7-T
